optseq2
$Id: optseq2.c,v 2.15 2009/05/26 18:13:45 greve Exp $
NoSearch  = 0
nSearch  = 1000
nKeep    = 5
PctUpdate  = 10.000000
nCB1Opt  = 0
seed     = 242530
Ntp  = 240
TR   = 2
TPreScan   = 0
PSD Window   = 0 8 2
nEvTypes = 2
EvNo    Label Duration nRepsNom
 1       joke  6.000   26
 2    nonjoke  6.000   26
PctVarEvReps = 0
VarEvRepsPerCond = 0
PolyOrder = -1
tNullMax = -1
tNullMin = 0
AR1 = 0
No refractory penalty
Cost = eff
OutStem = ./optseq_files-6sec/times
Summary File = ./optseq_files-6sec/times.sum

Pct nSrch MinSrch Cost Eff Cb1Err VRFAvg VRFStd VRFMin VRFMax VRFRange nSince

BeginUpdateLog
 0       1     0.0   1.05367e-08  1.05367e-08  0.1731  8.42937e-08  3.79801e-15  8.42937e-08  8.42937e-08  7.10543e-15 227.267 0
 0       6     0.0   3.05406  3.05406  0.0962  24.5343  1.67142  22.2596  26  3.7404 25.7333 0
 0       6     0.0   3.09648  3.09648  0.0962  24.8394  1.36666  22.8071  26  3.1929 20.7333 0
 0       8     0.0   3.09648  3.09648  0.0962  24.8394  1.36666  22.8071  26  3.1929 20.7333 1
 0       8     0.0   3.13907  3.13907  0.0192  25.1438  0.944212  23.9811  26  2.01893 16.7333 0
 1      11     0.0   3.13907  3.13907  0.0192  25.1438  0.944212  23.9811  26  2.01893 16.7333 2
 1      11     0.0   3.16466  3.16466  0.0962  25.3357  0.729167  24.3663  26  1.6337 12.7333 0
 1      13     0.0   3.16466  3.16466  0.0962  25.3357  0.729167  24.3663  26  1.6337 12.7333 1
 1      13     0.0   3.16466  3.16466  0.0962  25.3357  0.729167  24.3663  26  1.6337 12.7333 0
 1      15     0.0   3.16466  3.16466  0.0962  25.3357  0.729167  24.3663  26  1.6337 12.7333 1
 1      15     0.0   3.16587  3.16587  0.0577  25.3512  0.824978  23.7355  26  2.26454 13 0
 1      16     0.0   3.16587  3.16587  0.0577  25.3512  0.824978  23.7355  26  2.26454 13 0
 1      16     0.0   3.16587  3.16587  0.0577  25.3512  0.824978  23.7355  26  2.26454 13 0
 1      17     0.0   3.16587  3.16587  0.0577  25.3512  0.824978  23.7355  26  2.26454 13 0
 1      17     0.0   3.16587  3.16587  0.0577  25.3512  0.824978  23.7355  26  2.26454 13 0
 1      18     0.0   3.16587  3.16587  0.0577  25.3512  0.824978  23.7355  26  2.26454 13 0
 1      18     0.0   3.16587  3.16587  0.0577  25.3512  0.824978  23.7355  26  2.26454 13 0
 4      48     0.0   3.16587  3.16587  0.0577  25.3512  0.824978  23.7355  26  2.26454 13 29
 4      48     0.0   3.16587  3.16587  0.0577  25.3512  0.824978  23.7355  26  2.26454 13 0
 7      71     0.0   3.16587  3.16587  0.0577  25.3512  0.824978  23.7355  26  2.26454 13 22
 7      71     0.0   3.18614  3.18614  0.2115  25.5  0.562413  24.6754  26  1.32456 14 0
 8      85     0.0   3.18614  3.18614  0.2115  25.5  0.562413  24.6754  26  1.32456 14 13
 8      85     0.0   3.18614  3.18614  0.2115  25.5  0.562413  24.6754  26  1.32456 14 0
11     110     0.0   3.18614  3.18614  0.2115  25.5  0.562413  24.6754  26  1.32456 14 25
15     159     0.0   3.18614  3.18614  0.2115  25.5  0.562413  24.6754  26  1.32456 14 73
15     159     0.0   3.18614  3.18614  0.2115  25.5  0.562413  24.6754  26  1.32456 14 0
17     180     0.0   3.18614  3.18614  0.2115  25.5  0.562413  24.6754  26  1.32456 14 20
17     180     0.0   3.18614  3.18614  0.2115  25.5  0.562413  24.6754  26  1.32456 14 0
22     220     0.0   3.18614  3.18614  0.2115  25.5  0.562413  24.6754  26  1.32456 14 40
28     286     0.0   3.18614  3.18614  0.2115  25.5  0.562413  24.6754  26  1.32456 14 105
28     286     0.0   3.18614  3.18614  0.2115  25.5  0.562413  24.6754  26  1.32456 14 0
33     330     0.0   3.18614  3.18614  0.2115  25.5  0.562413  24.6754  26  1.32456 14 44
44     440     0.0   3.18614  3.18614  0.2115  25.5  0.562413  24.6754  26  1.32456 14 154
44     449     0.0   3.18614  3.18614  0.2115  25.5  0.562413  24.6754  26  1.32456 14 162
44     449     0.0   3.19576  3.19576  0.0577  25.5736  0.467056  25.0127  26  0.987314 6.73333 0
55     550     0.0   3.19576  3.19576  0.0577  25.5736  0.467056  25.0127  26  0.987314 6.73333 101
66     660     0.0   3.19576  3.19576  0.0577  25.5736  0.467056  25.0127  26  0.987314 6.73333 211
70     704     0.0   3.19576  3.19576  0.0577  25.5736  0.467056  25.0127  26  0.987314 6.73333 254
70     704     0.0   3.19576  3.19576  0.0577  25.5736  0.467056  25.0127  26  0.987314 6.73333 0
75     755     0.0   3.19576  3.19576  0.0577  25.5736  0.467056  25.0127  26  0.987314 6.73333 50
75     755     0.0   3.19576  3.19576  0.0577  25.5736  0.467056  25.0127  26  0.987314 6.73333 0
77     770     0.0   3.19576  3.19576  0.0577  25.5736  0.467056  25.0127  26  0.987314 6.73333 15
84     846     0.0   3.19576  3.19576  0.0577  25.5736  0.467056  25.0127  26  0.987314 6.73333 90
84     846     0.0   3.19576  3.19576  0.0577  25.5736  0.467056  25.0127  26  0.987314 6.73333 0
88     880     0.0   3.19576  3.19576  0.0577  25.5736  0.467056  25.0127  26  0.987314 6.73333 34
92     922     0.0   3.19576  3.19576  0.0577  25.5736  0.467056  25.0127  26  0.987314 6.73333 75
92     922     0.0   3.19576  3.19576  0.0577  25.5736  0.467056  25.0127  26  0.987314 6.73333 0
99     990     0.0   3.19576  3.19576  0.0577  25.5736  0.467056  25.0127  26  0.987314 6.73333 68
100    1000     0.0   3.19576  3.19576  0.0577  25.5736  0.467056  25.0127  26  0.987314 6.73333 78
EndUpdateLog

Done
